20:17:21  [main] 	Initializing Control Panel
20:17:21  [main] 	Windows Version:  Home  64-bit
20:17:21  [main] 	XAMPP Version: ???
20:17:21  [main] 	Control Panel Version: 3.3.0  [ Compiled: Apr 6th 2021 ]
20:17:21  [main] 	You are not running with administrator rights! This will work for
20:17:21  [main] 	most application stuff but whenever you do something with services
20:17:21  [main] 	there will be a security dialogue or things will break! So think 
20:17:21  [main] 	about running this application with administrator rights!
20:17:21  [main] 	XAMPP Installation Directory: "c:\users\nico\desktop\"
20:17:21  [main] 	Checking for prerequisites
20:17:21  [main] 	All prerequisites found
20:17:21  [main] 	Initializing Modules
20:17:21  [Apache] 	Problem detected: Apache Not Found!
20:17:21  [Apache] 	Disabling Apache buttons
20:17:21  [Apache] 	Run this program from your XAMPP root directory!
20:17:21  [Apache] 	Problem detected!
20:17:21  [Apache] 	Port 80 in use by "C:\xampp\apache\bin\httpd.exe" with PID 12620!
20:17:21  [Apache] 	Apache WILL NOT start without the configured ports free!
20:17:21  [Apache] 	You need to uninstall/disable/reconfigure the blocking application
20:17:21  [Apache] 	or reconfigure Apache and the Control Panel to listen on a different port
20:17:21  [Apache] 	Problem detected!
20:17:21  [Apache] 	Port 443 in use by "C:\xampp\apache\bin\httpd.exe" with PID 12620!
20:17:21  [Apache] 	Apache WILL NOT start without the configured ports free!
20:17:21  [Apache] 	You need to uninstall/disable/reconfigure the blocking application
20:17:21  [Apache] 	or reconfigure Apache and the Control Panel to listen on a different port
20:17:21  [mysql] 	Problem detected: MySQL Not Found!
20:17:21  [mysql] 	Disabling MySQL buttons
20:17:21  [mysql] 	Run this program from your XAMPP root directory!
20:17:21  [filezilla] 	Problem detected: FileZilla Not Found!
20:17:21  [filezilla] 	Disabling FileZilla buttons
20:17:21  [filezilla] 	Run this program from your XAMPP root directory!
20:17:21  [mercury] 	Problem detected: Mercury Not Found!
20:17:21  [mercury] 	Disabling Mercury buttons
20:17:21  [mercury] 	Run this program from your XAMPP root directory!
20:17:21  [Tomcat] 	Problem detected: Tomcat Not Found!
20:17:21  [Tomcat] 	Disabling Tomcat buttons
20:17:21  [Tomcat] 	Run this program from your XAMPP root directory!
20:17:21  [Tomcat] 	Problem detected: Required Tool catalina_start.bat Not Found!
20:17:21  [Tomcat] 	Problem detected: Required Tool catalina_stop.bat Not Found!
20:17:21  [Tomcat] 	Problem detected: Required Tool catalina_service.bat Not Found!
20:17:21  [main] 	Starting Check-Timer
20:17:21  [main] 	Control Panel Ready
04:08:14  [main] 	Deinitializing Modules
04:08:14  [main] 	Deinitializing Control Panel

19:35:12  [main] 	Initializing Control Panel
19:35:12  [main] 	Windows Version:  Home  64-bit
19:35:12  [main] 	XAMPP Version: ???
19:35:12  [main] 	Control Panel Version: 3.3.0  [ Compiled: Apr 6th 2021 ]
19:35:12  [main] 	You are not running with administrator rights! This will work for
19:35:12  [main] 	most application stuff but whenever you do something with services
19:35:12  [main] 	there will be a security dialogue or things will break! So think 
19:35:12  [main] 	about running this application with administrator rights!
19:35:12  [main] 	XAMPP Installation Directory: "c:\users\nico\desktop\"
19:35:12  [main] 	Checking for prerequisites
19:35:12  [main] 	All prerequisites found
19:35:12  [main] 	Initializing Modules
19:35:12  [Apache] 	Problem detected: Apache Not Found!
19:35:12  [Apache] 	Disabling Apache buttons
19:35:12  [Apache] 	Run this program from your XAMPP root directory!
19:35:12  [mysql] 	Problem detected: MySQL Not Found!
19:35:12  [mysql] 	Disabling MySQL buttons
19:35:12  [mysql] 	Run this program from your XAMPP root directory!
19:35:12  [filezilla] 	Problem detected: FileZilla Not Found!
19:35:12  [filezilla] 	Disabling FileZilla buttons
19:35:12  [filezilla] 	Run this program from your XAMPP root directory!
19:35:12  [mercury] 	Problem detected: Mercury Not Found!
19:35:12  [mercury] 	Disabling Mercury buttons
19:35:12  [mercury] 	Run this program from your XAMPP root directory!
19:35:12  [Tomcat] 	Problem detected: Tomcat Not Found!
19:35:12  [Tomcat] 	Disabling Tomcat buttons
19:35:12  [Tomcat] 	Run this program from your XAMPP root directory!
19:35:12  [Tomcat] 	Problem detected: Required Tool catalina_start.bat Not Found!
19:35:12  [Tomcat] 	Problem detected: Required Tool catalina_stop.bat Not Found!
19:35:12  [Tomcat] 	Problem detected: Required Tool catalina_service.bat Not Found!
19:35:12  [main] 	Starting Check-Timer
19:35:12  [main] 	Control Panel Ready
05:36:37  [main] 	Deinitializing Modules
05:36:37  [main] 	Deinitializing Control Panel

19:35:29  [main] 	Initializing Control Panel
19:35:29  [main] 	Windows Version:  Home  64-bit
19:35:29  [main] 	XAMPP Version: ???
19:35:29  [main] 	Control Panel Version: 3.3.0  [ Compiled: Apr 6th 2021 ]
19:35:29  [main] 	You are not running with administrator rights! This will work for
19:35:29  [main] 	most application stuff but whenever you do something with services
19:35:29  [main] 	there will be a security dialogue or things will break! So think 
19:35:29  [main] 	about running this application with administrator rights!
19:35:29  [main] 	XAMPP Installation Directory: "c:\users\nico\desktop\"
19:35:29  [main] 	Checking for prerequisites
19:35:29  [main] 	All prerequisites found
19:35:29  [main] 	Initializing Modules
19:35:29  [Apache] 	Problem detected: Apache Not Found!
19:35:29  [Apache] 	Disabling Apache buttons
19:35:29  [Apache] 	Run this program from your XAMPP root directory!
19:35:29  [mysql] 	Problem detected: MySQL Not Found!
19:35:29  [mysql] 	Disabling MySQL buttons
19:35:29  [mysql] 	Run this program from your XAMPP root directory!
19:35:29  [filezilla] 	Problem detected: FileZilla Not Found!
19:35:29  [filezilla] 	Disabling FileZilla buttons
19:35:29  [filezilla] 	Run this program from your XAMPP root directory!
19:35:29  [mercury] 	Problem detected: Mercury Not Found!
19:35:29  [mercury] 	Disabling Mercury buttons
19:35:29  [mercury] 	Run this program from your XAMPP root directory!
19:35:29  [Tomcat] 	Problem detected: Tomcat Not Found!
19:35:29  [Tomcat] 	Disabling Tomcat buttons
19:35:29  [Tomcat] 	Run this program from your XAMPP root directory!
19:35:29  [Tomcat] 	Problem detected: Required Tool catalina_start.bat Not Found!
19:35:29  [Tomcat] 	Problem detected: Required Tool catalina_stop.bat Not Found!
19:35:29  [Tomcat] 	Problem detected: Required Tool catalina_service.bat Not Found!
19:35:29  [main] 	Starting Check-Timer
19:35:29  [main] 	Control Panel Ready
05:36:37  [main] 	Deinitializing Modules
05:36:37  [main] 	Deinitializing Control Panel

